Flow report for Complete_MIPS
Fri Mar 08 12:56:34 2019
Quartus Prime Version 17.1.0 Build 590 10/25/2017 SJ Lite Edition


---------------------
; Table of Contents ;
---------------------
  1. Legal Notice
  2. Flow Summary
  3. Flow Settings
  4. Flow Non-Default Global Settings
  5. Flow Elapsed Time
  6. Flow OS Summary
  7. Flow Log
  8. Flow Messages
  9. Flow Suppressed Messages



----------------
; Legal Notice ;
----------------
Copyright (C) 2017  Intel Corporation. All rights reserved.
Your use of Intel Corporation's design tools, logic functions 
and other software and tools, and its AMPP partner logic 
functions, and any output files from any of the foregoing 
(including device programming or simulation files), and any 
associated documentation or information are expressly subject 
to the terms and conditions of the Intel Program License 
Subscription Agreement, the Intel Quartus Prime License Agreement,
the Intel FPGA IP License Agreement, or other applicable license
agreement, including, without limitation, that your use is for
the sole purpose of programming logic devices manufactured by
Intel and sold by Intel or its authorized distributors.  Please
refer to the applicable agreement for further details.



+-------------------------------------------------------------------------------+
; Flow Summary                                                                  ;
+---------------------------------+---------------------------------------------+
; Flow Status                     ; Successful - Fri Mar 08 12:56:34 2019       ;
; Quartus Prime Version           ; 17.1.0 Build 590 10/25/2017 SJ Lite Edition ;
; Revision Name                   ; Complete_MIPS                               ;
; Top-level Entity Name           ; Complete_MIPS                               ;
; Family                          ; Cyclone V                                   ;
; Device                          ; 5CSXFC6D6F31C7                              ;
; Timing Models                   ; Final                                       ;
; Logic utilization (in ALMs)     ; 3,229 / 41,910 ( 8 % )                      ;
; Total registers                 ; 363                                         ;
; Total pins                      ; 57 / 499 ( 11 % )                           ;
; Total virtual pins              ; 0                                           ;
; Total block memory bits         ; 34,816 / 5,662,720 ( < 1 % )                ;
; Total DSP Blocks                ; 6 / 112 ( 5 % )                             ;
; Total HSSI RX PCSs              ; 0 / 9 ( 0 % )                               ;
; Total HSSI PMA RX Deserializers ; 0 / 9 ( 0 % )                               ;
; Total HSSI TX PCSs              ; 0 / 9 ( 0 % )                               ;
; Total HSSI PMA TX Serializers   ; 0 / 9 ( 0 % )                               ;
; Total PLLs                      ; 1 / 15 ( 7 % )                              ;
; Total DLLs                      ; 0 / 4 ( 0 % )                               ;
+---------------------------------+---------------------------------------------+


+-----------------------------------------+
; Flow Settings                           ;
+-------------------+---------------------+
; Option            ; Setting             ;
+-------------------+---------------------+
; Start date & time ; 03/08/2019 12:52:45 ;
; Main task         ; Compilation         ;
; Revision Name     ; Complete_MIPS       ;
+-------------------+---------------------+


+----------------------------------------------------------------------------------------------------------------------------------------------------------------------------------+
; Flow Non-Default Global Settings                                                                                                                                                 ;
+-------------------------------------------+------------------------------------------------------------------------------+---------------+-------------+-------------------------+
; Assignment Name                           ; Value                                                                        ; Default Value ; Entity Name ; Section Id              ;
+-------------------------------------------+------------------------------------------------------------------------------+---------------+-------------+-------------------------+
; ADV_NETLIST_OPT_RETIME_CORE_AND_IO        ; -- (Not supported for targeted family)                                       ; On            ; --          ; --                      ;
; BOARD_MODEL_FAR_C                         ; Open                                                                         ; --            ; --          ; 1.2V                    ;
; BOARD_MODEL_FAR_PULLDOWN_R                ; Open                                                                         ; --            ; --          ; 1.2V                    ;
; BOARD_MODEL_FAR_PULLUP_R                  ; Open                                                                         ; --            ; --          ; 1.2V                    ;
; BOARD_MODEL_FAR_SERIES_R                  ; Short                                                                        ; --            ; --          ; 1.2V                    ;
; BOARD_MODEL_NEAR_C                        ; Open                                                                         ; --            ; --          ; 1.2V                    ;
; BOARD_MODEL_NEAR_PULLDOWN_R               ; Open                                                                         ; --            ; --          ; 1.2V                    ;
; BOARD_MODEL_NEAR_PULLUP_R                 ; Open                                                                         ; --            ; --          ; 1.2V                    ;
; BOARD_MODEL_NEAR_SERIES_R                 ; Short                                                                        ; --            ; --          ; 1.2V                    ;
; BOARD_MODEL_NEAR_TLINE_C_PER_LENGTH       ; 0                                                                            ; --            ; --          ; 1.2V                    ;
; BOARD_MODEL_NEAR_TLINE_LENGTH             ; 0                                                                            ; --            ; --          ; 1.2V                    ;
; BOARD_MODEL_NEAR_TLINE_L_PER_LENGTH       ; 0                                                                            ; --            ; --          ; 1.2V                    ;
; BOARD_MODEL_TERMINATION_V                 ; 0                                                                            ; --            ; --          ; 1.2V                    ;
; BOARD_MODEL_TLINE_C_PER_LENGTH            ; 0                                                                            ; --            ; --          ; 1.2V                    ;
; BOARD_MODEL_TLINE_LENGTH                  ; 0                                                                            ; --            ; --          ; 1.2V                    ;
; BOARD_MODEL_TLINE_L_PER_LENGTH            ; 0                                                                            ; --            ; --          ; 1.2V                    ;
; COMPILER_SIGNATURE_ID                     ; 233360586745395.155206756507584                                              ; --            ; --          ; --                      ;
; EDA_GENERATE_POWER_INPUT_FILE             ; Off                                                                          ; --            ; --          ; eda_simulation          ;
; EDA_OUTPUT_DATA_FORMAT                    ; Vhdl                                                                         ; --            ; --          ; eda_simulation          ;
; EDA_OUTPUT_DATA_FORMAT                    ; None                                                                         ; --            ; --          ; eda_board_design_symbol ;
; EDA_SIMULATION_TOOL                       ; Active-HDL (VHDL)                                                            ; <None>        ; --          ; --                      ;
; EDA_TIME_SCALE                            ; 1 ps                                                                         ; --            ; --          ; eda_simulation          ;
; INCREMENTAL_COMPILATION_EXPORT_FLATTEN    ; Off                                                                          ; --            ; --          ; --                      ;
; INCREMENTAL_COMPILATION_EXPORT_POST_FIT   ; Off                                                                          ; --            ; --          ; --                      ;
; INCREMENTAL_COMPILATION_EXPORT_POST_SYNTH ; Off                                                                          ; --            ; --          ; --                      ;
; INCREMENTAL_COMPILATION_EXPORT_ROUTING    ; -- (Not supported for targeted family)                                       ; --            ; --          ; --                      ;
; MAX_CORE_JUNCTION_TEMP                    ; 85                                                                           ; --            ; --          ; --                      ;
; MIN_CORE_JUNCTION_TEMP                    ; 0                                                                            ; --            ; --          ; --                      ;
; OCP_HW_EVAL                               ; Disable                                                                      ; Enable        ; --          ; --                      ;
; OPTIMIZE_HOLD_TIMING                      ; IO Paths and Minimum TPD Paths                                               ; All Paths     ; --          ; --                      ;
; OUTPUT_IO_TIMING_FAR_END_VMEAS            ; Half Signal Swing                                                            ; --            ; --          ; --                      ;
; OUTPUT_IO_TIMING_FAR_END_VMEAS            ; Half Signal Swing                                                            ; --            ; --          ; --                      ;
; OUTPUT_IO_TIMING_NEAR_END_VMEAS           ; Half Signal Swing                                                            ; --            ; --          ; --                      ;
; OUTPUT_IO_TIMING_NEAR_END_VMEAS           ; Half Signal Swing                                                            ; --            ; --          ; --                      ;
; PARTITION_COLOR                           ; -- (Not supported for targeted family)                                       ; --            ; --          ; Top                     ;
; PARTITION_FITTER_PRESERVATION_LEVEL       ; -- (Not supported for targeted family)                                       ; --            ; --          ; Top                     ;
; PARTITION_NETLIST_TYPE                    ; -- (Not supported for targeted family)                                       ; --            ; --          ; Top                     ;
; POWER_BOARD_THERMAL_MODEL                 ; None (CONSERVATIVE)                                                          ; --            ; --          ; --                      ;
; POWER_PRESET_COOLING_SOLUTION             ; 23 MM HEAT SINK WITH 200 LFPM AIRFLOW                                        ; --            ; --          ; --                      ;
; USER_LIBRARIES                            ; E:/Documents/School/2019 Spring/ECE_543/Labs/03/Lab_03/MIPS_CPU/MIPS_CPU/src ; --            ; --          ; --                      ;
+-------------------------------------------+------------------------------------------------------------------------------+---------------+-------------+-------------------------+


+-------------------------------------------------------------------------------------------------------------------------------+
; Flow Elapsed Time                                                                                                             ;
+---------------------------+--------------+-------------------------+---------------------+------------------------------------+
; Module Name               ; Elapsed Time ; Average Processors Used ; Peak Virtual Memory ; Total CPU Time (on all processors) ;
+---------------------------+--------------+-------------------------+---------------------+------------------------------------+
; Analysis & Synthesis      ; 00:00:27     ; 1.0                     ; 4948 MB             ; 00:00:38                           ;
; Fitter                    ; 00:01:52     ; 1.4                     ; 6787 MB             ; 00:03:44                           ;
; Assembler                 ; 00:00:36     ; 1.0                     ; 4900 MB             ; 00:00:34                           ;
; TimeQuest Timing Analyzer ; 00:00:26     ; 2.2                     ; 5384 MB             ; 00:00:47                           ;
; EDA Netlist Writer        ; 00:00:06     ; 1.0                     ; 4935 MB             ; 00:00:05                           ;
; Total                     ; 00:03:27     ; --                      ; --                  ; 00:05:48                           ;
+---------------------------+--------------+-------------------------+---------------------+------------------------------------+


+-----------------------------------------------------------------------------------------+
; Flow OS Summary                                                                         ;
+---------------------------+------------------+------------+------------+----------------+
; Module Name               ; Machine Hostname ; OS Name    ; OS Version ; Processor type ;
+---------------------------+------------------+------------+------------+----------------+
; Analysis & Synthesis      ; B-85V3           ; Windows 10 ; 10.0       ; x86_64         ;
; Fitter                    ; B-85V3           ; Windows 10 ; 10.0       ; x86_64         ;
; Assembler                 ; B-85V3           ; Windows 10 ; 10.0       ; x86_64         ;
; TimeQuest Timing Analyzer ; B-85V3           ; Windows 10 ; 10.0       ; x86_64         ;
; EDA Netlist Writer        ; B-85V3           ; Windows 10 ; 10.0       ; x86_64         ;
+---------------------------+------------------+------------+------------+----------------+


------------
; Flow Log ;
------------
quartus_map --read_settings_files=on --write_settings_files=off MIPS_CPU -c Complete_MIPS
quartus_fit --read_settings_files=off --write_settings_files=off MIPS_CPU -c Complete_MIPS
quartus_asm --read_settings_files=off --write_settings_files=off MIPS_CPU -c Complete_MIPS
quartus_sta MIPS_CPU -c Complete_MIPS
quartus_eda --read_settings_files=off --write_settings_files=off MIPS_CPU -c Complete_MIPS



